<?xml version="1.0" encoding="UTF-8"?>
<!-- Generated by org.testng.reporters.JUnitXMLReporter -->
<testsuite hostname="MS-20161112VSSV" name="Default test" tests="6" failures="0" timestamp="10 Dec 2019 08:29:25 GMT" time="3.33" errors="0">
  <testcase name="test" time="1.115" classname="com.lemo.cases.Register"/>
  <testcase name="test" time="0.166" classname="com.lemo.cases.Register"/>
  <testcase name="test" time="0.195" classname="com.lemo.cases.Register"/>
  <testcase name="test" time="0.234" classname="com.lemo.cases.Register"/>
  <testcase name="test" time="0.174" classname="com.lemo.cases.Register"/>
  <testcase name="test" time="0.484" classname="com.lemo.cases.Register"/>
</testsuite> <!-- Default test -->
