<?xml version="1.0" encoding="UTF-8"?>
<!-- Generated by org.testng.reporters.JUnitXMLReporter -->
<testsuite hostname="MS-20161112VSSV" name="订单模块" tests="12" failures="7" timestamp="7 Jan 2020 10:34:26 GMT" time="3.701" errors="0">
  <testcase name="test" time="1.952" classname="com.lemon.cases.Login"/>
  <testcase name="test" time="0.154" classname="com.lemon.cases.Login"/>
  <testcase name="test" time="0.148" classname="com.lemon.cases.Login"/>
  <testcase name="test" time="0.196" classname="com.lemon.cases.Login"/>
  <testcase name="test" time="0.168" classname="com.lemon.cases.Login"/>
  <testcase name="test" time="0.0" classname="com.lemon.cases.CreateType">
    <failure type="java.lang.IllegalArgumentException" message="Illegal character in path at index 46: https://ea-uat.covestro.cn/api/contentType/Add
">
      <![CDATA[java.lang.IllegalArgumentException: Illegal character in path at index 46: https://ea-uat.covestro.cn/api/contentType/Add

	at java.net.URI.create(URI.java:852)
	at org.apache.http.client.methods.HttpPost.<init>(HttpPost.java:73)
	at com.lemon.utils.HttpUtils.testPostJson(HttpUtils.java:89)
	at com.lemon.utils.HttpUtils.call(HttpUtils.java:29)
	at com.lemon.cases.CreateType.test(CreateType.java:18)
Caused by: java.net.URISyntaxException: Illegal character in path at index 46: https://ea-uat.covestro.cn/api/contentType/Add

	at java.net.URI$Parser.fail(URI.java:2848)
	at java.net.URI$Parser.checkChars(URI.java:3021)
	at java.net.URI$Parser.parseHierarchical(URI.java:3105)
	at java.net.URI$Parser.parse(URI.java:3053)
	at java.net.URI.<init>(URI.java:588)
	at java.net.URI.create(URI.java:850)
	... 28 more
... Removed 24 stack frames]]>
    </failure>
  </testcase> <!-- test -->
  <testcase name="test" time="0.0" classname="com.lemon.cases.CreateType">
    <failure type="java.lang.IllegalArgumentException" message="Illegal character in path at index 46: https://ea-uat.covestro.cn/api/contentType/Add
">
      <![CDATA[java.lang.IllegalArgumentException: Illegal character in path at index 46: https://ea-uat.covestro.cn/api/contentType/Add

	at java.net.URI.create(URI.java:852)
	at org.apache.http.client.methods.HttpPost.<init>(HttpPost.java:73)
	at com.lemon.utils.HttpUtils.testPostJson(HttpUtils.java:89)
	at com.lemon.utils.HttpUtils.call(HttpUtils.java:29)
	at com.lemon.cases.CreateType.test(CreateType.java:18)
Caused by: java.net.URISyntaxException: Illegal character in path at index 46: https://ea-uat.covestro.cn/api/contentType/Add

	at java.net.URI$Parser.fail(URI.java:2848)
	at java.net.URI$Parser.checkChars(URI.java:3021)
	at java.net.URI$Parser.parseHierarchical(URI.java:3105)
	at java.net.URI$Parser.parse(URI.java:3053)
	at java.net.URI.<init>(URI.java:588)
	at java.net.URI.create(URI.java:850)
	... 28 more
... Removed 24 stack frames]]>
    </failure>
  </testcase> <!-- test -->
  <testcase name="test" time="0.001" classname="com.lemon.cases.CreateType">
    <failure type="java.lang.IllegalArgumentException" message="Illegal character in path at index 46: https://ea-uat.covestro.cn/api/contentType/Add
">
      <![CDATA[java.lang.IllegalArgumentException: Illegal character in path at index 46: https://ea-uat.covestro.cn/api/contentType/Add

	at java.net.URI.create(URI.java:852)
	at org.apache.http.client.methods.HttpPost.<init>(HttpPost.java:73)
	at com.lemon.utils.HttpUtils.testPostJson(HttpUtils.java:89)
	at com.lemon.utils.HttpUtils.call(HttpUtils.java:29)
	at com.lemon.cases.CreateType.test(CreateType.java:18)
Caused by: java.net.URISyntaxException: Illegal character in path at index 46: https://ea-uat.covestro.cn/api/contentType/Add

	at java.net.URI$Parser.fail(URI.java:2848)
	at java.net.URI$Parser.checkChars(URI.java:3021)
	at java.net.URI$Parser.parseHierarchical(URI.java:3105)
	at java.net.URI$Parser.parse(URI.java:3053)
	at java.net.URI.<init>(URI.java:588)
	at java.net.URI.create(URI.java:850)
	... 28 more
... Removed 24 stack frames]]>
    </failure>
  </testcase> <!-- test -->
  <testcase name="test" time="0.0" classname="com.lemon.cases.CreateType">
    <failure type="java.lang.IllegalArgumentException" message="Illegal character in path at index 46: https://ea-uat.covestro.cn/api/contentType/Add
">
      <![CDATA[java.lang.IllegalArgumentException: Illegal character in path at index 46: https://ea-uat.covestro.cn/api/contentType/Add

	at java.net.URI.create(URI.java:852)
	at org.apache.http.client.methods.HttpPost.<init>(HttpPost.java:73)
	at com.lemon.utils.HttpUtils.testPostJson(HttpUtils.java:89)
	at com.lemon.utils.HttpUtils.call(HttpUtils.java:29)
	at com.lemon.cases.CreateType.test(CreateType.java:18)
Caused by: java.net.URISyntaxException: Illegal character in path at index 46: https://ea-uat.covestro.cn/api/contentType/Add

	at java.net.URI$Parser.fail(URI.java:2848)
	at java.net.URI$Parser.checkChars(URI.java:3021)
	at java.net.URI$Parser.parseHierarchical(URI.java:3105)
	at java.net.URI$Parser.parse(URI.java:3053)
	at java.net.URI.<init>(URI.java:588)
	at java.net.URI.create(URI.java:850)
	... 28 more
... Removed 24 stack frames]]>
    </failure>
  </testcase> <!-- test -->
  <testcase name="test" time="0.0" classname="com.lemon.cases.CreateType">
    <failure type="java.lang.IllegalArgumentException" message="Illegal character in path at index 46: https://ea-uat.covestro.cn/api/contentType/Add
">
      <![CDATA[java.lang.IllegalArgumentException: Illegal character in path at index 46: https://ea-uat.covestro.cn/api/contentType/Add

	at java.net.URI.create(URI.java:852)
	at org.apache.http.client.methods.HttpPost.<init>(HttpPost.java:73)
	at com.lemon.utils.HttpUtils.testPostJson(HttpUtils.java:89)
	at com.lemon.utils.HttpUtils.call(HttpUtils.java:29)
	at com.lemon.cases.CreateType.test(CreateType.java:18)
Caused by: java.net.URISyntaxException: Illegal character in path at index 46: https://ea-uat.covestro.cn/api/contentType/Add

	at java.net.URI$Parser.fail(URI.java:2848)
	at java.net.URI$Parser.checkChars(URI.java:3021)
	at java.net.URI$Parser.parseHierarchical(URI.java:3105)
	at java.net.URI$Parser.parse(URI.java:3053)
	at java.net.URI.<init>(URI.java:588)
	at java.net.URI.create(URI.java:850)
	... 28 more
... Removed 24 stack frames]]>
    </failure>
  </testcase> <!-- test -->
  <testcase name="test" time="0.001" classname="com.lemon.cases.CreateType">
    <failure type="java.lang.IllegalArgumentException" message="Illegal character in path at index 46: https://ea-uat.covestro.cn/api/contentType/Add
">
      <![CDATA[java.lang.IllegalArgumentException: Illegal character in path at index 46: https://ea-uat.covestro.cn/api/contentType/Add

	at java.net.URI.create(URI.java:852)
	at org.apache.http.client.methods.HttpPost.<init>(HttpPost.java:73)
	at com.lemon.utils.HttpUtils.testPostJson(HttpUtils.java:89)
	at com.lemon.utils.HttpUtils.call(HttpUtils.java:29)
	at com.lemon.cases.CreateType.test(CreateType.java:18)
Caused by: java.net.URISyntaxException: Illegal character in path at index 46: https://ea-uat.covestro.cn/api/contentType/Add

	at java.net.URI$Parser.fail(URI.java:2848)
	at java.net.URI$Parser.checkChars(URI.java:3021)
	at java.net.URI$Parser.parseHierarchical(URI.java:3105)
	at java.net.URI$Parser.parse(URI.java:3053)
	at java.net.URI.<init>(URI.java:588)
	at java.net.URI.create(URI.java:850)
	... 28 more
... Removed 24 stack frames]]>
    </failure>
  </testcase> <!-- test -->
  <testcase name="test" time="0.001" classname="com.lemon.cases.CreateType">
    <failure type="java.lang.IllegalArgumentException" message="Illegal character in path at index 46: https://ea-uat.covestro.cn/api/contentType/Add
">
      <![CDATA[java.lang.IllegalArgumentException: Illegal character in path at index 46: https://ea-uat.covestro.cn/api/contentType/Add

	at java.net.URI.create(URI.java:852)
	at org.apache.http.client.methods.HttpPost.<init>(HttpPost.java:73)
	at com.lemon.utils.HttpUtils.testPostJson(HttpUtils.java:89)
	at com.lemon.utils.HttpUtils.call(HttpUtils.java:29)
	at com.lemon.cases.CreateType.test(CreateType.java:18)
Caused by: java.net.URISyntaxException: Illegal character in path at index 46: https://ea-uat.covestro.cn/api/contentType/Add

	at java.net.URI$Parser.fail(URI.java:2848)
	at java.net.URI$Parser.checkChars(URI.java:3021)
	at java.net.URI$Parser.parseHierarchical(URI.java:3105)
	at java.net.URI$Parser.parse(URI.java:3053)
	at java.net.URI.<init>(URI.java:588)
	at java.net.URI.create(URI.java:850)
	... 28 more
... Removed 24 stack frames]]>
    </failure>
  </testcase> <!-- test -->
</testsuite> <!-- 订单模块 -->
